{
  "RSpec": {
    "coverage": {
      "/Users/hank/Code/TravelRoute/require_app.rb": {
        "lines": [
          null,
          null,
          null,
          null,
          null,
          null,
          null,
          null,
          1,
          5,
          1,
          null,
          1,
          17,
          null,
          null
        ]
      },
      "/Users/hank/Code/TravelRoute/config/environment.rb": {
        "lines": [
          null,
          null,
          1,
          1,
          1,
          1,
          null,
          1,
          null,
          1,
          1,
          null,
          1,
          null,
          1,
          null,
          null,
          null,
          1,
          1,
          null,
          1,
          1,
          null,
          null,
          null,
          1,
          1,
          null,
          null,
          null
        ]
      },
      "/Users/hank/Code/TravelRoute/app/models/entities/place.rb": {
        "lines": [
          null,
          null,
          1,
          1,
          null,
          1,
          1,
          null,
          1,
          1,
          null,
          1,
          1,
          1,
          1,
          null,
          1,
          1,
          null,
          null,
          null,
          null
        ]
      },
      "/Users/hank/Code/TravelRoute/app/models/entities/route.rb": {
        "lines": [
          null,
          null,
          1,
          1,
          null,
          1,
          null,
          1,
          1,
          null,
          1,
          1,
          null,
          1,
          1,
          1,
          1,
          null,
          1,
          0,
          null,
          null,
          null,
          null
        ]
      },
      "/Users/hank/Code/TravelRoute/app/models/entities/waypoint.rb": {
        "lines": [
          null,
          null,
          1,
          1,
          null,
          1,
          null,
          1,
          1,
          null,
          1,
          1,
          null,
          1,
          1,
          null,
          1,
          3,
          null,
          null,
          1,
          1,
          1,
          2,
          2,
          2,
          null,
          null,
          null,
          1,
          3,
          12,
          null,
          null,
          1,
          null,
          1,
          30,
          null,
          null,
          null,
          null
        ]
      },
      "/Users/hank/Code/TravelRoute/app/models/infrastructure/database/place_orm.rb": {
        "lines": [
          null,
          null,
          1,
          null,
          1,
          1,
          null,
          1,
          1,
          null,
          null,
          null,
          1,
          null,
          null,
          null,
          1,
          null,
          1,
          0,
          null,
          null,
          null,
          null
        ]
      },
      "/Users/hank/Code/TravelRoute/app/models/infrastructure/database/route_orm.rb": {
        "lines": [
          null,
          null,
          1,
          null,
          1,
          1,
          null,
          1,
          1,
          null,
          null,
          1,
          null,
          null,
          1,
          null,
          null,
          null
        ]
      },
      "/Users/hank/Code/TravelRoute/app/models/infrastructure/gateways/places_api.rb": {
        "lines": [
          null,
          null,
          1,
          null,
          1,
          1,
          null,
          1,
          1,
          1,
          null,
          1,
          1,
          1,
          null,
          1,
          22,
          null,
          null,
          1,
          22,
          22,
          22,
          22,
          null,
          null,
          1,
          17,
          17,
          17,
          null,
          null,
          null,
          null,
          null
        ]
      },
      "/Users/hank/Code/TravelRoute/app/models/infrastructure/gateways/request.rb": {
        "lines": [
          null,
          null,
          1,
          null,
          1,
          1,
          39,
          39,
          39,
          null,
          null,
          null,
          1,
          6,
          6,
          6,
          null,
          null,
          null,
          null
        ]
      },
      "/Users/hank/Code/TravelRoute/app/models/infrastructure/gateways/response.rb": {
        "lines": [
          null,
          null,
          1,
          null,
          1,
          1,
          1,
          1,
          null,
          null,
          1,
          null,
          null,
          null,
          null,
          null,
          1,
          null,
          null,
          1,
          39,
          null,
          null,
          1,
          6,
          null,
          null,
          1,
          3,
          null,
          null,
          null
        ]
      },
      "/Users/hank/Code/TravelRoute/app/models/infrastructure/gateways/routes_api.rb": {
        "lines": [
          null,
          null,
          1,
          null,
          1,
          1,
          null,
          1,
          1,
          1,
          null,
          1,
          1,
          1,
          null,
          1,
          null,
          1,
          null,
          1,
          7,
          null,
          null,
          1,
          null,
          6,
          null,
          null,
          null,
          null,
          null,
          1,
          2,
          2,
          null,
          2,
          null,
          null,
          null,
          null,
          2,
          null,
          null,
          1,
          4,
          4,
          4,
          4,
          null,
          null,
          null,
          1,
          1,
          4,
          null,
          null,
          1,
          null,
          4,
          null,
          null,
          null,
          null,
          null,
          null,
          1,
          null,
          1,
          32,
          null,
          null,
          null,
          null,
          null,
          null
        ]
      },
      "/Users/hank/Code/TravelRoute/app/models/mappers/place_mapper.rb": {
        "lines": [
          null,
          null,
          1,
          null,
          1,
          1,
          22,
          22,
          22,
          null,
          null,
          1,
          22,
          21,
          null,
          null,
          1,
          21,
          38,
          null,
          null,
          1,
          null,
          1,
          21,
          38,
          38,
          null,
          null,
          null,
          1,
          1,
          17,
          null,
          null,
          1,
          17,
          null,
          null,
          null,
          null,
          null,
          null,
          null,
          1,
          null,
          1,
          17,
          null,
          null,
          1,
          17,
          null,
          null,
          1,
          17,
          null,
          null,
          1,
          17,
          null,
          null,
          null,
          null
        ]
      },
      "/Users/hank/Code/TravelRoute/app/models/mappers/route_mapper.rb": {
        "lines": [
          null,
          null,
          1,
          null,
          1,
          1,
          3,
          3,
          3,
          null,
          null,
          1,
          3,
          1,
          null,
          1,
          null,
          null,
          null,
          1,
          1,
          null,
          1,
          28,
          28,
          28,
          null,
          null,
          1,
          28,
          null,
          null,
          null,
          null,
          null,
          null,
          null,
          1,
          28,
          28,
          null,
          null,
          1,
          28,
          28,
          null,
          null,
          null,
          null
        ]
      },
      "/Users/hank/Code/TravelRoute/app/models/mappers/waypoint_mapper.rb": {
        "lines": [
          null,
          null,
          1,
          null,
          1,
          1,
          4,
          4,
          4,
          null,
          null,
          1,
          4,
          3,
          null,
          0,
          null,
          null,
          null,
          1,
          1,
          3,
          3,
          null,
          null,
          1,
          3,
          27,
          27,
          27,
          null,
          3,
          null,
          null,
          1,
          null,
          1,
          54,
          null,
          null,
          null,
          null
        ]
      },
      "/Users/hank/Code/TravelRoute/app/models/repositories/for.rb": {
        "lines": [
          1,
          1,
          null,
          1,
          1,
          null,
          1,
          null,
          1,
          null,
          null,
          null,
          1,
          0,
          null,
          null,
          1,
          0,
          null,
          null,
          null,
          null
        ]
      },
      "/Users/hank/Code/TravelRoute/app/models/repositories/places.rb": {
        "lines": [
          null,
          null,
          null,
          null,
          null,
          null,
          null,
          1,
          1,
          null,
          1,
          1,
          0,
          null,
          null,
          1,
          1,
          null,
          null,
          1,
          1,
          1,
          null,
          null,
          1,
          0,
          0,
          null,
          null,
          1,
          1,
          null,
          1,
          1,
          null,
          null,
          1,
          2,
          null,
          1,
          null,
          null,
          null,
          null,
          1,
          0,
          0,
          null,
          null,
          null,
          null,
          null
        ]
      },
      "/Users/hank/Code/TravelRoute/app/models/repositories/routes.rb": {
        "lines": [
          null,
          null,
          null,
          null,
          null,
          null,
          null,
          1,
          1,
          null,
          1,
          1,
          0,
          null,
          null,
          null,
          1,
          0,
          0,
          null,
          null,
          1,
          0,
          0,
          null,
          0,
          0,
          null,
          null,
          1,
          0,
          null,
          0,
          null,
          null,
          null,
          null,
          null,
          null,
          null,
          1,
          0,
          0,
          null,
          null,
          null,
          null,
          null
        ]
      },
      "/Users/hank/Code/TravelRoute/app/controllers/app.rb": {
        "lines": [
          null,
          null,
          1,
          1,
          null,
          null,
          1,
          null,
          1,
          1,
          1,
          1,
          null,
          null,
          null,
          null,
          1,
          1,
          null,
          1,
          0,
          0,
          null,
          null,
          0,
          0,
          null,
          null,
          0,
          0,
          null,
          0,
          0,
          0,
          null,
          0,
          0,
          null,
          null,
          null,
          0,
          0,
          null,
          0,
          0,
          0,
          null,
          0,
          0,
          0,
          null,
          0,
          null,
          null,
          null,
          null,
          null,
          null
        ]
      },
      "/Users/hank/Code/TravelRoute/spec/helpers/vcr_helper.rb": {
        "lines": [
          null,
          null,
          1,
          1,
          null,
          null,
          1,
          1,
          1,
          null,
          1,
          10,
          10,
          10,
          null,
          null,
          null,
          1,
          10,
          1550,
          1550,
          null,
          null,
          10,
          null,
          null,
          null,
          null,
          null,
          null,
          1,
          10,
          null,
          null
        ]
      },
      "/Users/hank/Code/TravelRoute/spec/helpers/database_helper.rb": {
        "lines": [
          null,
          null,
          null,
          1,
          1,
          null,
          1,
          1,
          1,
          1,
          null,
          null
        ]
      },
      "/Users/hank/Code/TravelRoute/spec/gmaps_api_spec.rb": {
        "lines": [
          null,
          null,
          1,
          1,
          null,
          1,
          1,
          9,
          9,
          null,
          null,
          1,
          9,
          null,
          null,
          1,
          1,
          1,
          1,
          1,
          1,
          1,
          null,
          null,
          null,
          1,
          1,
          1,
          null,
          null,
          1,
          1,
          1,
          null,
          null,
          null,
          null,
          1,
          1,
          3,
          3,
          3,
          null,
          null,
          1,
          1,
          1,
          1,
          1,
          null,
          null,
          1,
          1,
          1,
          null,
          null,
          null,
          1,
          1,
          1,
          null,
          null,
          null,
          null,
          1,
          1,
          3,
          3,
          3,
          null,
          3,
          3,
          3,
          null,
          null,
          1,
          1,
          1,
          1,
          1,
          1,
          null,
          null,
          1,
          1,
          1,
          1,
          2,
          2,
          2,
          2,
          null,
          null,
          null,
          1,
          1,
          1,
          null,
          null,
          null,
          null
        ]
      }
    },
    "timestamp": 1699204155
  }
}
